c:\users\mehme\onedrive\documents\github\captionmod\metahook\plugins\captionmod\release\vc143.pdb
c:\users\mehme\onedrive\documents\github\captionmod\metahook\plugins\captionmod\release\border1.obj
c:\users\mehme\onedrive\documents\github\captionmod\metahook\plugins\captionmod\release\keyvaluessystemhook.obj
c:\users\mehme\onedrive\documents\github\captionmod\metahook\plugins\captionmod\release\inputwin32.obj
c:\users\mehme\onedrive\documents\github\captionmod\metahook\plugins\captionmod\release\sse.obj
c:\users\mehme\onedrive\documents\github\captionmod\metahook\plugins\captionmod\release\assert_dialog.obj
c:\users\mehme\onedrive\documents\github\captionmod\metahook\plugins\captionmod\release\vcrmode.obj
c:\users\mehme\onedrive\documents\github\captionmod\metahook\plugins\captionmod\release\analogbar.obj
c:\users\mehme\onedrive\documents\github\captionmod\metahook\plugins\captionmod\release\buildmodedialog.obj
c:\users\mehme\onedrive\documents\github\captionmod\metahook\plugins\captionmod\release\editablepanel.obj
c:\users\mehme\onedrive\documents\github\captionmod\metahook\plugins\captionmod\release\keyboardeditordialog.obj
c:\users\mehme\onedrive\documents\github\captionmod\metahook\plugins\captionmod\release\messagedialog.obj
c:\users\mehme\onedrive\documents\github\captionmod\metahook\plugins\captionmod\release\richtext.obj
c:\users\mehme\onedrive\documents\github\captionmod\metahook\plugins\captionmod\release\viewport.obj
c:\users\mehme\onedrive\documents\github\captionmod\metahook\plugins\captionmod\release\fontmanager.obj
c:\users\mehme\onedrive\documents\github\captionmod\metahook\plugins\captionmod\release\filesystem.obj
c:\users\mehme\onedrive\documents\github\captionmod\metahook\plugins\captionmod\release\mem.obj
c:\users\mehme\onedrive\documents\github\captionmod\metahook\plugins\captionmod\release\utlbuffer.obj
c:\users\mehme\onedrive\documents\github\captionmod\metahook\plugins\captionmod\release\sys_dll.obj
c:\users\mehme\onedrive\documents\github\captionmod\metahook\plugins\captionmod\release\focusnavgroup.obj
c:\users\mehme\onedrive\documents\github\captionmod\metahook\plugins\captionmod\release\inputdialog.obj
c:\users\mehme\onedrive\documents\github\captionmod\metahook\plugins\captionmod\release\messagebox.obj
c:\users\mehme\onedrive\documents\github\captionmod\metahook\plugins\captionmod\release\savedocumentquery.obj
c:\users\mehme\onedrive\documents\github\captionmod\metahook\plugins\captionmod\release\toolwindow.obj
c:\users\mehme\onedrive\documents\github\captionmod\metahook\plugins\captionmod\release\csv_document.obj
c:\users\mehme\onedrive\documents\github\captionmod\metahook\plugins\captionmod\release\mem_helpers.obj
c:\users\mehme\onedrive\documents\github\captionmod\metahook\plugins\captionmod\release\utlstring.obj
c:\users\mehme\onedrive\documents\github\captionmod\metahook\plugins\captionmod\release\keyvaluessystem.obj
c:\users\mehme\onedrive\documents\github\captionmod\metahook\plugins\captionmod\release\buildfactoryhelper.obj
c:\users\mehme\onedrive\documents\github\captionmod\metahook\plugins\captionmod\release\button.obj
c:\users\mehme\onedrive\documents\github\captionmod\metahook\plugins\captionmod\release\directoryselectdialog.obj
c:\users\mehme\onedrive\documents\github\captionmod\metahook\plugins\captionmod\release\imagepanel.obj
c:\users\mehme\onedrive\documents\github\captionmod\metahook\plugins\captionmod\release\menuitem.obj
c:\users\mehme\onedrive\documents\github\captionmod\metahook\plugins\captionmod\release\radiobutton.obj
c:\users\mehme\onedrive\documents\github\captionmod\metahook\plugins\captionmod\release\textimage.obj
c:\users\mehme\onedrive\documents\github\captionmod\metahook\plugins\captionmod\release\vgui_controls.obj
c:\users\mehme\onedrive\documents\github\captionmod\metahook\plugins\captionmod\release\baseui.obj
c:\users\mehme\onedrive\documents\github\captionmod\metahook\plugins\captionmod\release\schemehook.obj
c:\users\mehme\onedrive\documents\github\captionmod\metahook\plugins\captionmod\release\generichash.obj
c:\users\mehme\onedrive\documents\github\captionmod\metahook\plugins\captionmod\release\strtools.obj
c:\users\mehme\onedrive\documents\github\captionmod\metahook\plugins\captionmod\release\buildgroup.obj
c:\users\mehme\onedrive\documents\github\captionmod\metahook\plugins\captionmod\release\controls.obj
c:\users\mehme\onedrive\documents\github\captionmod\metahook\plugins\captionmod\release\menubar.obj
c:\users\mehme\onedrive\documents\github\captionmod\metahook\plugins\captionmod\release\progressbox.obj
c:\users\mehme\onedrive\documents\github\captionmod\metahook\plugins\captionmod\release\scrollbarslider.obj
c:\users\mehme\onedrive\documents\github\captionmod\metahook\plugins\captionmod\release\urllabel.obj
c:\users\mehme\onedrive\documents\github\captionmod\metahook\plugins\captionmod\release\bitmap.obj
c:\users\mehme\onedrive\documents\github\captionmod\metahook\plugins\captionmod\release\message.obj
c:\users\mehme\onedrive\documents\github\captionmod\metahook\plugins\captionmod\release\memstack.obj
c:\users\mehme\onedrive\documents\github\captionmod\metahook\plugins\captionmod\release\circularprogressbar.obj
c:\users\mehme\onedrive\documents\github\captionmod\metahook\plugins\captionmod\release\frame.obj
c:\users\mehme\onedrive\documents\github\captionmod\metahook\plugins\captionmod\release\listpanel.obj
c:\users\mehme\onedrive\documents\github\captionmod\metahook\plugins\captionmod\release\propertysheet.obj
c:\users\mehme\onedrive\documents\github\captionmod\metahook\plugins\captionmod\release\textentry.obj
c:\users\mehme\onedrive\documents\github\captionmod\metahook\plugins\captionmod\release\fonttexturecache.obj
c:\users\mehme\onedrive\documents\github\captionmod\metahook\plugins\captionmod\release\parsemsg.obj
c:\users\mehme\onedrive\documents\github\captionmod\metahook\plugins\captionmod\release\memdbg.obj
c:\users\mehme\onedrive\documents\github\captionmod\metahook\plugins\captionmod\release\stringpool.obj
c:\users\mehme\onedrive\documents\github\captionmod\metahook\plugins\captionmod\release\subtitlepanel.obj
c:\users\mehme\onedrive\documents\github\captionmod\metahook\plugins\captionmod\release\menubutton.obj
c:\users\mehme\onedrive\documents\github\captionmod\metahook\plugins\captionmod\release\querybox.obj
c:\users\mehme\onedrive\documents\github\captionmod\metahook\plugins\captionmod\release\slider.obj
c:\users\mehme\onedrive\documents\github\captionmod\metahook\plugins\captionmod\release\wizardpanel.obj
c:\users\mehme\onedrive\documents\github\captionmod\metahook\plugins\captionmod\release\clientvgui.obj
c:\users\mehme\onedrive\documents\github\captionmod\metahook\plugins\captionmod\release\minidump.obj
c:\users\mehme\onedrive\documents\github\captionmod\metahook\plugins\captionmod\release\vpanelwrapper.obj
c:\users\mehme\onedrive\documents\github\captionmod\metahook\plugins\captionmod\release\divider.obj
c:\users\mehme\onedrive\documents\github\captionmod\metahook\plugins\captionmod\release\imagelist.obj
c:\users\mehme\onedrive\documents\github\captionmod\metahook\plugins\captionmod\release\listviewpanel.obj
c:\users\mehme\onedrive\documents\github\captionmod\metahook\plugins\captionmod\release\propertypage.obj
c:\users\mehme\onedrive\documents\github\captionmod\metahook\plugins\captionmod\release\sectionedlistpanel.obj
c:\users\mehme\onedrive\documents\github\captionmod\metahook\plugins\captionmod\release\win32font.obj
c:\users\mehme\onedrive\documents\github\captionmod\metahook\plugins\captionmod\release\interface.obj
c:\users\mehme\onedrive\documents\github\captionmod\metahook\plugins\captionmod\release\msghook.obj
c:\users\mehme\onedrive\documents\github\captionmod\metahook\plugins\captionmod\release\cpu.obj
c:\users\mehme\onedrive\documents\github\captionmod\metahook\plugins\captionmod\release\platform.obj
c:\users\mehme\onedrive\documents\github\captionmod\metahook\plugins\captionmod\release\steam_api.obj
c:\users\mehme\onedrive\documents\github\captionmod\metahook\plugins\captionmod\release\controllermap.obj
c:\users\mehme\onedrive\documents\github\captionmod\metahook\plugins\captionmod\release\graphpanel.obj
c:\users\mehme\onedrive\documents\github\captionmod\metahook\plugins\captionmod\release\label.obj
c:\users\mehme\onedrive\documents\github\captionmod\metahook\plugins\captionmod\release\panellistpanel.obj
c:\users\mehme\onedrive\documents\github\captionmod\metahook\plugins\captionmod\release\scrollbar.obj
c:\users\mehme\onedrive\documents\github\captionmod\metahook\plugins\captionmod\release\treeviewlistcontrol.obj
c:\users\mehme\onedrive\documents\github\captionmod\metahook\plugins\captionmod\release\exportfuncs.obj
c:\users\mehme\onedrive\documents\github\captionmod\metahook\plugins\captionmod\release\threadtools.obj
c:\users\mehme\onedrive\documents\github\captionmod\metahook\plugins\captionmod\release\animatingimagepanel.obj
c:\users\mehme\onedrive\documents\github\captionmod\metahook\plugins\captionmod\release\checkbutton.obj
c:\users\mehme\onedrive\documents\github\captionmod\metahook\plugins\captionmod\release\expandbutton.obj
c:\users\mehme\onedrive\documents\github\captionmod\metahook\plugins\captionmod\release\keyrepeat.obj
c:\users\mehme\onedrive\documents\github\captionmod\metahook\plugins\captionmod\release\propertydialog.obj
c:\users\mehme\onedrive\documents\github\captionmod\metahook\plugins\captionmod\release\splitter.obj
c:\users\mehme\onedrive\documents\github\captionmod\metahook\plugins\captionmod\release\wizardsubpanel.obj
c:\users\mehme\onedrive\documents\github\captionmod\metahook\plugins\captionmod\release\fontamalgam.obj
c:\users\mehme\onedrive\documents\github\captionmod\metahook\plugins\captionmod\release\plugins.obj
c:\users\mehme\onedrive\documents\github\captionmod\metahook\plugins\captionmod\release\memstd.obj
c:\users\mehme\onedrive\documents\github\captionmod\metahook\plugins\captionmod\release\utlsymbol.obj
c:\users\mehme\onedrive\documents\github\captionmod\metahook\plugins\captionmod\release\bitmapimagepanel.obj
c:\users\mehme\onedrive\documents\github\captionmod\metahook\plugins\captionmod\release\consoledialog.obj
c:\users\mehme\onedrive\documents\github\captionmod\metahook\plugins\captionmod\release\image.obj
c:\users\mehme\onedrive\documents\github\captionmod\metahook\plugins\captionmod\release\keybindinghelpdialog.obj
c:\users\mehme\onedrive\documents\github\captionmod\metahook\plugins\captionmod\release\panel.obj
c:\users\mehme\onedrive\documents\github\captionmod\metahook\plugins\captionmod\release\subrectimage.obj
c:\users\mehme\onedrive\documents\github\captionmod\metahook\plugins\captionmod\release\treeview.obj
c:\users\mehme\onedrive\documents\github\captionmod\metahook\plugins\captionmod\release\gameui.obj
c:\users\mehme\onedrive\documents\github\captionmod\metahook\plugins\captionmod\release\mathlib_base.obj
c:\users\mehme\onedrive\documents\github\captionmod\metahook\plugins\captionmod\release\dbg.obj
c:\users\mehme\onedrive\documents\github\captionmod\metahook\plugins\captionmod\release\mempool.obj
c:\users\mehme\onedrive\documents\github\captionmod\metahook\plugins\captionmod\release\random.obj
c:\users\mehme\onedrive\documents\github\captionmod\metahook\plugins\captionmod\release\animationcontroller.obj
c:\users\mehme\onedrive\documents\github\captionmod\metahook\plugins\captionmod\release\combobox.obj
c:\users\mehme\onedrive\documents\github\captionmod\metahook\plugins\captionmod\release\html.obj
c:\users\mehme\onedrive\documents\github\captionmod\metahook\plugins\captionmod\release\menu.obj
c:\users\mehme\onedrive\documents\github\captionmod\metahook\plugins\captionmod\release\scrollableeditablepanel.obj
c:\users\mehme\onedrive\documents\github\captionmod\metahook\plugins\captionmod\release\tooltip.obj
c:\users\mehme\onedrive\documents\github\captionmod\metahook\plugins\captionmod\release\engfuncs.obj
c:\users\mehme\onedrive\documents\github\captionmod\metahook\plugins\captionmod\release\filesystem_helpers.obj
c:\users\mehme\onedrive\documents\github\captionmod\metahook\plugins\captionmod\release\3dnow.obj
c:\users\mehme\onedrive\documents\github\captionmod\metahook\plugins\captionmod\release\surface.obj
c:\users\mehme\onedrive\documents\github\captionmod\metahook\plugins\captionmod\release\fasttimer.obj
c:\users\mehme\onedrive\documents\github\captionmod\metahook\plugins\captionmod\release\characterset.obj
c:\users\mehme\onedrive\documents\github\captionmod\metahook\plugins\captionmod\release\keyvalues.obj
c:\users\mehme\onedrive\documents\github\captionmod\metahook\plugins\captionmod\release\checkbuttonlist.obj
c:\users\mehme\onedrive\documents\github\captionmod\metahook\plugins\captionmod\release\fileopendialog.obj
c:\users\mehme\onedrive\documents\github\captionmod\metahook\plugins\captionmod\release\progressbar.obj
c:\users\mehme\onedrive\documents\github\captionmod\metahook\plugins\captionmod\release\rotatingprogressbar.obj
c:\users\mehme\onedrive\documents\github\captionmod\metahook\plugins\captionmod\release\togglebutton.obj
c:\users\mehme\onedrive\documents\github\captionmod\metahook\plugins\captionmod\release\scheme1.obj
c:\users\mehme\onedrive\documents\github\captionmod\metahook\plugins\captionmod\release\surfacehook1.obj
c:\users\mehme\onedrive\documents\github\captionmod\metahook\plugins\captionmod\release\vpanel1.obj
c:\users\mehme\onedrive\documents\github\captionmod\metahook\plugins\captionmod\release\captionmod.dll
c:\users\mehme\onedrive\documents\github\captionmod\metahook\plugins\captionmod\release\captionmod.pdb
c:\users\mehme\onedrive\documents\github\captionmod\metahook\plugins\captionmod\release\captionmod.lib
c:\users\mehme\onedrive\documents\github\captionmod\metahook\plugins\captionmod\release\captionmod.exp
c:\users\mehme\onedrive\documents\github\captionmod\metahook\plugins\captionmod\release\captionmod.ipdb
c:\users\mehme\onedrive\documents\github\captionmod\metahook\plugins\captionmod\release\captionmod.iobj
c:\users\mehme\onedrive\documents\github\captionmod\metahook\plugins\captionmod\release\captionmod.tlog\cl.command.1.tlog
c:\users\mehme\onedrive\documents\github\captionmod\metahook\plugins\captionmod\release\captionmod.tlog\cl.items.tlog
c:\users\mehme\onedrive\documents\github\captionmod\metahook\plugins\captionmod\release\captionmod.tlog\cl.read.1.tlog
c:\users\mehme\onedrive\documents\github\captionmod\metahook\plugins\captionmod\release\captionmod.tlog\cl.write.1.tlog
c:\users\mehme\onedrive\documents\github\captionmod\metahook\plugins\captionmod\release\captionmod.tlog\link.command.1.tlog
c:\users\mehme\onedrive\documents\github\captionmod\metahook\plugins\captionmod\release\captionmod.tlog\link.read.1.tlog
c:\users\mehme\onedrive\documents\github\captionmod\metahook\plugins\captionmod\release\captionmod.tlog\link.secondary.1.tlog
c:\users\mehme\onedrive\documents\github\captionmod\metahook\plugins\captionmod\release\captionmod.tlog\link.write.1.tlog
